2025-10-18 19:01:11,613 INFO    StreamThr :38366 [internal.py:wandb_internal():88] W&B internal server running at pid: 38366, started at: 2025-10-18 19:01:11.611400
2025-10-18 19:01:11,615 DEBUG   HandlerThread:38366 [handler.py:handle_request():138] handle_request: status
2025-10-18 19:01:11,617 DEBUG   SenderThread:38366 [sender.py:send_request():315] send_request: status
2025-10-18 19:01:11,620 DEBUG   SenderThread:38366 [sender.py:send():301] send: header
2025-10-18 19:01:11,620 INFO    WriterThread:38366 [datastore.py:open_for_write():75] open: /home/ducca/C2KD/ave/wandb/run-20251018_190111-7lehbyvw/run-7lehbyvw.wandb
2025-10-18 19:01:11,620 DEBUG   SenderThread:38366 [sender.py:send():301] send: run
2025-10-18 19:01:12,038 ERROR   SenderThread:38366 [internal_api.py:execute():202] 404 response executing GraphQL.
2025-10-18 19:01:12,038 ERROR   SenderThread:38366 [internal_api.py:execute():203] {"errors":[{"message":"entity cmkd-ours not found during upsertBucket","path":["upsertBucket"]}],"data":{"upsertBucket":null}}
2025-10-18 19:01:12,621 INFO    HandlerThread:38366 [handler.py:finish():807] shutting down handler
2025-10-18 19:01:12,622 INFO    WriterThread:38366 [datastore.py:close():279] close: /home/ducca/C2KD/ave/wandb/run-20251018_190111-7lehbyvw/run-7lehbyvw.wandb
2025-10-18 19:01:12,623 ERROR   StreamThr :38366 [internal.py:wandb_internal():163] Thread SenderThread:
Traceback (most recent call last):
  File "/home/anaconda3/envs/c2kd/lib/python3.11/site-packages/wandb/sdk/lib/retry.py", line 113, in __call__
    result = self._call_fn(*args, **kwargs)
             ^^^^^^^^^^^^^^^^^^^^^^^^^^^^^^
  File "/home/anaconda3/envs/c2kd/lib/python3.11/site-packages/wandb/sdk/internal/internal_api.py", line 199, in execute
    return self.client.execute(*args, **kwargs)  # type: ignore
           ^^^^^^^^^^^^^^^^^^^^^^^^^^^^^^^^^^^^
  File "/home/anaconda3/envs/c2kd/lib/python3.11/site-packages/wandb/vendor/gql-0.2.0/wandb_gql/client.py", line 52, in execute
    result = self._get_result(document, *args, **kwargs)
             ^^^^^^^^^^^^^^^^^^^^^^^^^^^^^^^^^^^^^^^^^^^
  File "/home/anaconda3/envs/c2kd/lib/python3.11/site-packages/wandb/vendor/gql-0.2.0/wandb_gql/client.py", line 60, in _get_result
    return self.transport.execute(document, *args, **kwargs)
           ^^^^^^^^^^^^^^^^^^^^^^^^^^^^^^^^^^^^^^^^^^^^^^^^^
  File "/home/anaconda3/envs/c2kd/lib/python3.11/site-packages/wandb/vendor/gql-0.2.0/wandb_gql/transport/requests.py", line 39, in execute
    request.raise_for_status()
  File "/home/anaconda3/envs/c2kd/lib/python3.11/site-packages/requests/models.py", line 1026, in raise_for_status
    raise HTTPError(http_error_msg, response=self)
requests.exceptions.HTTPError: 404 Client Error: Not Found for url: https://api.wandb.ai/graphql

During handling of the above exception, another exception occurred:

Traceback (most recent call last):
  File "/home/anaconda3/envs/c2kd/lib/python3.11/site-packages/wandb/apis/normalize.py", line 26, in wrapper
    return func(*args, **kwargs)
           ^^^^^^^^^^^^^^^^^^^^^
  File "/home/anaconda3/envs/c2kd/lib/python3.11/site-packages/wandb/sdk/internal/internal_api.py", line 1460, in upsert_run
    response = self.gql(
               ^^^^^^^^^
  File "/home/anaconda3/envs/c2kd/lib/python3.11/site-packages/wandb/sdk/lib/retry.py", line 129, in __call__
    retry_timedelta_triggered = check_retry_fn(e)
                                ^^^^^^^^^^^^^^^^^
  File "/home/anaconda3/envs/c2kd/lib/python3.11/site-packages/wandb/util.py", line 1002, in check_retry_fn
    return fallback_retry_fn(e)
           ^^^^^^^^^^^^^^^^^^^^
  File "/home/anaconda3/envs/c2kd/lib/python3.11/site-packages/wandb/util.py", line 949, in no_retry_auth
    raise CommError("Permission denied, ask the project owner to grant you access")
wandb.errors.CommError: Permission denied, ask the project owner to grant you access

During handling of the above exception, another exception occurred:

Traceback (most recent call last):
  File "/home/anaconda3/envs/c2kd/lib/python3.11/site-packages/wandb/sdk/internal/internal_util.py", line 50, in run
    self._run()
  File "/home/anaconda3/envs/c2kd/lib/python3.11/site-packages/wandb/sdk/internal/internal_util.py", line 101, in _run
    self._process(record)
  File "/home/anaconda3/envs/c2kd/lib/python3.11/site-packages/wandb/sdk/internal/internal.py", line 308, in _process
    self._sm.send(record)
  File "/home/anaconda3/envs/c2kd/lib/python3.11/site-packages/wandb/sdk/internal/sender.py", line 303, in send
    send_handler(record)
  File "/home/anaconda3/envs/c2kd/lib/python3.11/site-packages/wandb/sdk/internal/sender.py", line 781, in send_run
    self._init_run(run, config_value_dict)
  File "/home/anaconda3/envs/c2kd/lib/python3.11/site-packages/wandb/sdk/internal/sender.py", line 807, in _init_run
    server_run, inserted, server_messages = self._api.upsert_run(
                                            ^^^^^^^^^^^^^^^^^^^^^
  File "/home/anaconda3/envs/c2kd/lib/python3.11/site-packages/wandb/apis/normalize.py", line 62, in wrapper
    raise CommError(message, err).with_traceback(sys.exc_info()[2])
  File "/home/anaconda3/envs/c2kd/lib/python3.11/site-packages/wandb/apis/normalize.py", line 26, in wrapper
    return func(*args, **kwargs)
           ^^^^^^^^^^^^^^^^^^^^^
  File "/home/anaconda3/envs/c2kd/lib/python3.11/site-packages/wandb/sdk/internal/internal_api.py", line 1460, in upsert_run
    response = self.gql(
               ^^^^^^^^^
  File "/home/anaconda3/envs/c2kd/lib/python3.11/site-packages/wandb/sdk/lib/retry.py", line 129, in __call__
    retry_timedelta_triggered = check_retry_fn(e)
                                ^^^^^^^^^^^^^^^^^
  File "/home/anaconda3/envs/c2kd/lib/python3.11/site-packages/wandb/util.py", line 1002, in check_retry_fn
    return fallback_retry_fn(e)
           ^^^^^^^^^^^^^^^^^^^^
  File "/home/anaconda3/envs/c2kd/lib/python3.11/site-packages/wandb/util.py", line 949, in no_retry_auth
    raise CommError("Permission denied, ask the project owner to grant you access")
wandb.errors.CommError: Permission denied, ask the project owner to grant you access
